                                      1 ;--------------------------------------------------------
                                      2 ; File Created by SDCC : free open source ANSI-C Compiler
                                      3 ; Version 4.0.7 #12016 (MINGW64)
                                      4 ;--------------------------------------------------------
                                      5 	.module romreset
                                      6 	.optsdcc -mgbz80
                                      7 	
                                      8 ;--------------------------------------------------------
                                      9 ; Public variables in this module
                                     10 ;--------------------------------------------------------
                                     11 	.globl _my_ram_function
                                     12 	.globl _my_cpu
                                     13 	.globl _reset_gameboy
                                     14 ;--------------------------------------------------------
                                     15 ; special function registers
                                     16 ;--------------------------------------------------------
                                     17 ;--------------------------------------------------------
                                     18 ; ram data
                                     19 ;--------------------------------------------------------
                                     20 	.area _DATA
      000000                         21 _my_cpu::
      000000                         22 	.ds 1
                                     23 ;--------------------------------------------------------
                                     24 ; absolute external ram data
                                     25 ;--------------------------------------------------------
                                     26 	.area _DABS (ABS)
                                     27 ;--------------------------------------------------------
                                     28 ; global & static initialisations
                                     29 ;--------------------------------------------------------
                                     30 	.area _HOME
                                     31 	.area _GSINIT
                                     32 	.area _GSFINAL
                                     33 	.area _GSINIT
                                     34 ;--------------------------------------------------------
                                     35 ; Home
                                     36 ;--------------------------------------------------------
                                     37 	.area _HOME
                                     38 	.area _HOME
                                     39 ;--------------------------------------------------------
                                     40 ; code
                                     41 ;--------------------------------------------------------
                                     42 	.area _RAMCODE
                                     43 ;./C/romreset.c:7: void my_ram_function(UINT8 data, UBYTE cpu) {
                                     44 ;	---------------------------------
                                     45 ; Function my_ram_function
                                     46 ; ---------------------------------
      000000                         47 _my_ram_function::
                                     48 ;./C/romreset.c:9: (*(UBYTE *)(0x0000)) = data + 1;
      000000 F8 02                   49 	ldhl	sp,	#2
      000002 7E                      50 	ld	a, (hl)
      000003 3C                      51 	inc	a
      000004 21 00 00                52 	ld	hl, #0x0000
      000007 77                      53 	ld	(hl), a
                                     54 ;./C/romreset.c:10: (*(UBYTE *)(0x0000)) = data + 1;
      000008 6C                      55 	ld	l, h
      000009 77                      56 	ld	(hl), a
                                     57 ;./C/romreset.c:11: (*(UBYTE *)(0x0000)) = data + 1;
      00000A 6C                      58 	ld	l, h
      00000B 77                      59 	ld	(hl), a
                                     60 ;./C/romreset.c:12: (*(UBYTE *)(0x0000)) = data + 1;
      00000C 6C                      61 	ld	l, h
      00000D 77                      62 	ld	(hl), a
                                     63 ;./C/romreset.c:13: (*(UBYTE *)(0x0000)) = data + 1;
      00000E 6C                      64 	ld	l, h
      00000F 77                      65 	ld	(hl), a
                                     66 ;./C/romreset.c:14: (*(UBYTE *)(0x0000)) = data + 1;
      000010 6C                      67 	ld	l, h
      000011 77                      68 	ld	(hl), a
                                     69 ;./C/romreset.c:15: (*(UBYTE *)(0x0000)) = data + 1;
      000012 6C                      70 	ld	l, h
      000013 77                      71 	ld	(hl), a
                                     72 ;./C/romreset.c:16: (*(UBYTE *)(0x0000)) = data + 1;
      000014 6C                      73 	ld	l, h
      000015 77                      74 	ld	(hl), a
                                     75 ;./C/romreset.c:17: (*(UBYTE *)(0x0000)) = data + 1;
      000016 6C                      76 	ld	l, h
      000017 77                      77 	ld	(hl), a
                                     78 ;./C/romreset.c:18: (*(UBYTE *)(0x0000)) = data + 1;
      000018 6C                      79 	ld	l, h
      000019 77                      80 	ld	(hl), a
                                     81 ;./C/romreset.c:19: (*(UBYTE *)(0x0000)) = data + 1;
      00001A 6C                      82 	ld	l, h
      00001B 77                      83 	ld	(hl), a
                                     84 ;./C/romreset.c:20: (*(UBYTE *)(0x0000)) = data + 1;
      00001C 6C                      85 	ld	l, h
      00001D 77                      86 	ld	(hl), a
                                     87 ;./C/romreset.c:21: (*(UBYTE *)(0x0000)) = data + 1;
      00001E 6C                      88 	ld	l, h
      00001F 77                      89 	ld	(hl), a
                                     90 ;./C/romreset.c:22: (*(UBYTE *)(0x0000)) = data + 1;
      000020 6C                      91 	ld	l, h
      000021 77                      92 	ld	(hl), a
                                     93 ;./C/romreset.c:23: (*(UBYTE *)(0x0000)) = data + 1;
      000022 6C                      94 	ld	l, h
      000023 77                      95 	ld	(hl), a
                                     96 ;./C/romreset.c:24: (*(UBYTE *)(0x0000)) = data + 1;
      000024 6C                      97 	ld	l, h
      000025 77                      98 	ld	(hl), a
                                     99 ;./C/romreset.c:44: }
      000026 C9                     100 	ret
                                    101 ;./C/romreset.c:46: void reset_gameboy() __naked {
                                    102 ;	---------------------------------
                                    103 ; Function reset_gameboy
                                    104 ; ---------------------------------
      000027                        105 _reset_gameboy::
                                    106 ;./C/romreset.c:50: __endasm;
      000027 FAr00r00               107 	ld	a,(_my_cpu)
      00002A C3 00 01               108 	jp	0x100
                                    109 ;./C/romreset.c:51: }
                                    110 	.area _RAMCODE
                                    111 	.area _CABS (ABS)
